[debug] [2023-05-28T17:13:16.242Z] ----------------------------------------------------------------------
[debug] [2023-05-28T17:13:16.244Z] Command:       C:\Program Files\nodejs\node.exe C:\Users\msi\AppData\Roaming\npm\node_modules\firebase-tools\lib\bin\firebase.js init
[debug] [2023-05-28T17:13:16.245Z] CLI Version:   11.15.0
[debug] [2023-05-28T17:13:16.245Z] Platform:      win32
[debug] [2023-05-28T17:13:16.245Z] Node Version:  v18.13.0
[debug] [2023-05-28T17:13:16.246Z] Time:          Mon May 29 2023 00:13:16 GMT+0700 (Western Indonesia Time)
[debug] [2023-05-28T17:13:16.246Z] ----------------------------------------------------------------------
[debug] 
[debug] [2023-05-28T17:13:16.254Z] > command requires scopes: ["email","openid","https://www.googleapis.com/auth/cloudplatformprojects.readonly","https://www.googleapis.com/auth/firebase","https://www.googleapis.com/auth/cloud-platform"]
[debug] [2023-05-28T17:13:16.254Z] > authorizing via signed-in user (naufalarhabi.mn@gmail.com)
[info] 
     ######## #### ########  ######## ########     ###     ######  ########
     ##        ##  ##     ## ##       ##     ##  ##   ##  ##       ##
     ######    ##  ########  ######   ########  #########  ######  ######
     ##        ##  ##    ##  ##       ##     ## ##     ##       ## ##
     ##       #### ##     ## ######## ########  ##     ##  ######  ########

You're about to initialize a Firebase project in this directory:

  D:\Project\Personal_Financial_Manager

[info] 
=== Project Setup
[info] 
[info] First, let's associate this project directory with a Firebase project.
[info] You can create multiple project aliases by running firebase use --add, 
[info] but for now we'll just set up a default project.
[info] 
[debug] [2023-05-28T17:13:30.146Z] >>> [apiv2][query] GET https://firebase.googleapis.com/v1beta1/projects pageSize=100
[debug] [2023-05-28T17:13:30.987Z] <<< [apiv2][status] GET https://firebase.googleapis.com/v1beta1/projects 200
[debug] [2023-05-28T17:13:30.987Z] <<< [apiv2][body] GET https://firebase.googleapis.com/v1beta1/projects [omitted]
[info] i  Using project financial-manager-388113 (Financial Manager) 
[info] 
=== Hosting Setup
[info] 
[info] Your public directory is the folder (relative to your project directory) that
[info] will contain Hosting assets to be uploaded with firebase deploy. If you
[info] have a build process for your assets, use your build's output directory.
[info] 
